-------------------------------------------------------------------------------
Test set: catherine.recipe.project.ApplicationTests
-------------------------------------------------------------------------------
Tests run: 1, Failures: 0, Errors: 1, Skipped: 0, Time elapsed: 3.494 s <<< FAILURE! - in catherine.recipe.project.ApplicationTests
contextLoads  Time elapsed: 0.004 s  <<< ERROR!
java.lang.IllegalStateException: Failed to load ApplicationContext
Caused by: org.springframework.beans.factory.BeanCreationException: 
Error creating bean with name 'dataSourceScriptDatabaseInitializer' defined in class path resource [org/springframework/boot/autoconfigure/sql/init/DataSourceInitializationConfiguration.class]: Invocation of init method failed; nested exception is org.springframework.jdbc.datasource.init.ScriptStatementFailedException: Failed to execute SQL script statement #1 of URL [file:/Users/josh/Desktop/SpringRecipeProject/target/classes/data.sql]: INSERT INTO category (description) VALUES ('American'); nested exception is org.h2.jdbc.JdbcSQLSyntaxErrorException: Table "CATEGORY" not found; SQL statement:
INSERT INTO category (description) VALUES ('American') [42102-200]
Caused by: org.springframework.jdbc.datasource.init.ScriptStatementFailedException: 
Failed to execute SQL script statement #1 of URL [file:/Users/josh/Desktop/SpringRecipeProject/target/classes/data.sql]: INSERT INTO category (description) VALUES ('American'); nested exception is org.h2.jdbc.JdbcSQLSyntaxErrorException: Table "CATEGORY" not found; SQL statement:
INSERT INTO category (description) VALUES ('American') [42102-200]
Caused by: org.h2.jdbc.JdbcSQLSyntaxErrorException: 
Table "CATEGORY" not found; SQL statement:
INSERT INTO category (description) VALUES ('American') [42102-200]

